Determining if the pthread_create exist failed with the following output:
Change Dir: /root/KV-Raft/KVstorageBaseRaft-cpp-main/cmake-build-debug/CMakeFiles/CMakeTmp

Run Build Command:/usr/bin/gmake "cmTryCompileExec2689973029/fast"
gmake[1]: Entering directory `/root/KV-Raft/KVstorageBaseRaft-cpp-main/cmake-build-debug/CMakeFiles/CMakeTmp'
/usr/bin/gmake -f CMakeFiles/cmTryCompileExec2689973029.dir/build.make CMakeFiles/cmTryCompileExec2689973029.dir/build
gmake[2]: Entering directory `/root/KV-Raft/KVstorageBaseRaft-cpp-main/cmake-build-debug/CMakeFiles/CMakeTmp'
/usr/bin/cmake -E cmake_progress_report /root/KV-Raft/KVstorageBaseRaft-cpp-main/cmake-build-debug/CMakeFiles/CMakeTmp/CMakeFiles 1
Building C object CMakeFiles/cmTryCompileExec2689973029.dir/CheckSymbolExists.c.o
/usr/bin/cc    -o CMakeFiles/cmTryCompileExec2689973029.dir/CheckSymbolExists.c.o   -c /root/KV-Raft/KVstorageBaseRaft-cpp-main/cmake-build-debug/CMakeFiles/CMakeTmp/CheckSymbolExists.c
Linking C executable cmTryCompileExec2689973029
/usr/bin/cmake -E cmake_link_script CMakeFiles/cmTryCompileExec2689973029.dir/link.txt --verbose=1
/usr/bin/cc       CMakeFiles/cmTryCompileExec2689973029.dir/CheckSymbolExists.c.o  -o cmTryCompileExec2689973029 -rdynamic 
CMakeFiles/cmTryCompileExec2689973029.dir/CheckSymbolExists.c.o: In function `main':
CheckSymbolExists.c:(.text+0x16): undefined reference to `pthread_create'
collect2: error: ld returned 1 exit status
gmake[2]: Leaving directory `/root/KV-Raft/KVstorageBaseRaft-cpp-main/cmake-build-debug/CMakeFiles/CMakeTmp'
gmake[1]: Leaving directory `/root/KV-Raft/KVstorageBaseRaft-cpp-main/cmake-build-debug/CMakeFiles/CMakeTmp'
gmake[2]: *** [cmTryCompileExec2689973029] Error 1
gmake[1]: *** [cmTryCompileExec2689973029/fast] Error 2

File /root/KV-Raft/KVstorageBaseRaft-cpp-main/cmake-build-debug/CMakeFiles/CMakeTmp/CheckSymbolExists.c:
/* */
#include <pthread.h>

int main(int argc, char** argv)
{
  (void)argv;
#ifndef pthread_create
  return ((int*)(&pthread_create))[argc];
#else
  (void)argc;
  return 0;
#endif
}

Determining if the function pthread_create exists in the pthreads failed with the following output:
Change Dir: /root/KV-Raft/KVstorageBaseRaft-cpp-main/cmake-build-debug/CMakeFiles/CMakeTmp

Run Build Command:/usr/bin/gmake "cmTryCompileExec2474009284/fast"
gmake[1]: Entering directory `/root/KV-Raft/KVstorageBaseRaft-cpp-main/cmake-build-debug/CMakeFiles/CMakeTmp'
/usr/bin/gmake -f CMakeFiles/cmTryCompileExec2474009284.dir/build.make CMakeFiles/cmTryCompileExec2474009284.dir/build
gmake[2]: Entering directory `/root/KV-Raft/KVstorageBaseRaft-cpp-main/cmake-build-debug/CMakeFiles/CMakeTmp'
/usr/bin/cmake -E cmake_progress_report /root/KV-Raft/KVstorageBaseRaft-cpp-main/cmake-build-debug/CMakeFiles/CMakeTmp/CMakeFiles 1
Building C object CMakeFiles/cmTryCompileExec2474009284.dir/CheckFunctionExists.c.o
/usr/bin/cc   -DCHECK_FUNCTION_EXISTS=pthread_create   -o CMakeFiles/cmTryCompileExec2474009284.dir/CheckFunctionExists.c.o   -c /usr/share/cmake/Modules/CheckFunctionExists.c
Linking C executable cmTryCompileExec2474009284
/usr/bin/cmake -E cmake_link_script CMakeFiles/cmTryCompileExec2474009284.dir/link.txt --verbose=1
/usr/bin/cc   -DCHECK_FUNCTION_EXISTS=pthread_create    CMakeFiles/cmTryCompileExec2474009284.dir/CheckFunctionExists.c.o  -o cmTryCompileExec2474009284 -rdynamic -lpthreads 
/usr/bin/ld: cannot find -lpthreads
gmake[2]: Leaving directory `/root/KV-Raft/KVstorageBaseRaft-cpp-main/cmake-build-debug/CMakeFiles/CMakeTmp'
collect2: error: ld returned 1 exit status
gmake[2]: *** [cmTryCompileExec2474009284] Error 1
gmake[1]: *** [cmTryCompileExec2474009284/fast] Error 2
gmake[1]: Leaving directory `/root/KV-Raft/KVstorageBaseRaft-cpp-main/cmake-build-debug/CMakeFiles/CMakeTmp'


